[2023-02-27T22:12:05.703+0000] {taskinstance.py:1083} INFO - Dependencies all met for <TaskInstance: Metadata_Airflow.scrape_nexrad manual__2023-02-27T22:11:38.469524+00:00 [queued]>
[2023-02-27T22:12:05.728+0000] {taskinstance.py:1083} INFO - Dependencies all met for <TaskInstance: Metadata_Airflow.scrape_nexrad manual__2023-02-27T22:11:38.469524+00:00 [queued]>
[2023-02-27T22:12:05.730+0000] {taskinstance.py:1279} INFO - 
--------------------------------------------------------------------------------
[2023-02-27T22:12:05.731+0000] {taskinstance.py:1280} INFO - Starting attempt 1 of 1
[2023-02-27T22:12:05.733+0000] {taskinstance.py:1281} INFO - 
--------------------------------------------------------------------------------
[2023-02-27T22:12:05.766+0000] {taskinstance.py:1300} INFO - Executing <Task(PythonOperator): scrape_nexrad> on 2023-02-27 22:11:38.469524+00:00
[2023-02-27T22:12:05.777+0000] {standard_task_runner.py:55} INFO - Started process 547 to run task
[2023-02-27T22:12:05.783+0000] {standard_task_runner.py:82} INFO - Running: ['***', 'tasks', 'run', 'Metadata_Airflow', 'scrape_nexrad', 'manual__2023-02-27T22:11:38.469524+00:00', '--job-id', '8', '--raw', '--subdir', 'DAGS_FOLDER/scrape_***.py', '--cfg-path', '/tmp/tmp75vdlzkk']
[2023-02-27T22:12:05.784+0000] {standard_task_runner.py:83} INFO - Job 8: Subtask scrape_nexrad
[2023-02-27T22:12:05.905+0000] {task_command.py:388} INFO - Running <TaskInstance: Metadata_Airflow.scrape_nexrad manual__2023-02-27T22:11:38.469524+00:00 [running]> on host 9c9ed04d9a5a
[2023-02-27T22:12:06.074+0000] {taskinstance.py:1509} INFO - Exporting the following env vars:
AIRFLOW_CTX_DAG_OWNER=***
AIRFLOW_CTX_DAG_ID=Metadata_Airflow
AIRFLOW_CTX_TASK_ID=scrape_nexrad
AIRFLOW_CTX_EXECUTION_DATE=2023-02-27T22:11:38.469524+00:00
AIRFLOW_CTX_TRY_NUMBER=1
AIRFLOW_CTX_DAG_RUN_ID=manual__2023-02-27T22:11:38.469524+00:00
[2023-02-27T22:13:38.004+0000] {python.py:177} INFO - Done. Returned value was: None
[2023-02-27T22:13:38.030+0000] {taskinstance.py:1323} INFO - Marking task as SUCCESS. dag_id=Metadata_Airflow, task_id=scrape_nexrad, execution_date=20230227T221138, start_date=20230227T221205, end_date=20230227T221338
[2023-02-27T22:13:38.089+0000] {local_task_job.py:208} INFO - Task exited with return code 0
[2023-02-27T22:13:38.138+0000] {taskinstance.py:2578} INFO - 1 downstream tasks scheduled from follow-on schedule check
