[2023-02-27T22:13:45.520+0000] {taskinstance.py:1083} INFO - Dependencies all met for <TaskInstance: Metadata_Airflow.write_db_to_s3 manual__2023-02-27T22:11:38.469524+00:00 [queued]>
[2023-02-27T22:13:45.539+0000] {taskinstance.py:1083} INFO - Dependencies all met for <TaskInstance: Metadata_Airflow.write_db_to_s3 manual__2023-02-27T22:11:38.469524+00:00 [queued]>
[2023-02-27T22:13:45.540+0000] {taskinstance.py:1279} INFO - 
--------------------------------------------------------------------------------
[2023-02-27T22:13:45.541+0000] {taskinstance.py:1280} INFO - Starting attempt 1 of 1
[2023-02-27T22:13:45.542+0000] {taskinstance.py:1281} INFO - 
--------------------------------------------------------------------------------
[2023-02-27T22:13:45.572+0000] {taskinstance.py:1300} INFO - Executing <Task(PythonOperator): write_db_to_s3> on 2023-02-27 22:11:38.469524+00:00
[2023-02-27T22:13:45.581+0000] {standard_task_runner.py:55} INFO - Started process 693 to run task
[2023-02-27T22:13:45.586+0000] {standard_task_runner.py:82} INFO - Running: ['***', 'tasks', 'run', 'Metadata_Airflow', 'write_db_to_s3', 'manual__2023-02-27T22:11:38.469524+00:00', '--job-id', '10', '--raw', '--subdir', 'DAGS_FOLDER/scrape_***.py', '--cfg-path', '/tmp/tmpu20vbfv4']
[2023-02-27T22:13:45.588+0000] {standard_task_runner.py:83} INFO - Job 10: Subtask write_db_to_s3
[2023-02-27T22:13:45.717+0000] {task_command.py:388} INFO - Running <TaskInstance: Metadata_Airflow.write_db_to_s3 manual__2023-02-27T22:11:38.469524+00:00 [running]> on host 9c9ed04d9a5a
[2023-02-27T22:13:45.928+0000] {taskinstance.py:1509} INFO - Exporting the following env vars:
AIRFLOW_CTX_DAG_OWNER=***
AIRFLOW_CTX_DAG_ID=Metadata_Airflow
AIRFLOW_CTX_TASK_ID=write_db_to_s3
AIRFLOW_CTX_EXECUTION_DATE=2023-02-27T22:11:38.469524+00:00
AIRFLOW_CTX_TRY_NUMBER=1
AIRFLOW_CTX_DAG_RUN_ID=manual__2023-02-27T22:11:38.469524+00:00
[2023-02-27T22:13:47.546+0000] {python.py:177} INFO - Done. Returned value was: None
[2023-02-27T22:13:47.579+0000] {taskinstance.py:1323} INFO - Marking task as SUCCESS. dag_id=Metadata_Airflow, task_id=write_db_to_s3, execution_date=20230227T221138, start_date=20230227T221345, end_date=20230227T221347
[2023-02-27T22:13:47.658+0000] {local_task_job.py:208} INFO - Task exited with return code 0
[2023-02-27T22:13:47.725+0000] {taskinstance.py:2578} INFO - 0 downstream tasks scheduled from follow-on schedule check
