[2023-02-26T03:05:58.329+0000] {taskinstance.py:1083} INFO - Dependencies all met for <TaskInstance: Metadata_Airflow.scrape_geos18 manual__2023-02-26T03:05:50.934785+00:00 [queued]>
[2023-02-26T03:05:58.342+0000] {taskinstance.py:1083} INFO - Dependencies all met for <TaskInstance: Metadata_Airflow.scrape_geos18 manual__2023-02-26T03:05:50.934785+00:00 [queued]>
[2023-02-26T03:05:58.343+0000] {taskinstance.py:1279} INFO - 
--------------------------------------------------------------------------------
[2023-02-26T03:05:58.344+0000] {taskinstance.py:1280} INFO - Starting attempt 1 of 1
[2023-02-26T03:05:58.344+0000] {taskinstance.py:1281} INFO - 
--------------------------------------------------------------------------------
[2023-02-26T03:05:58.356+0000] {taskinstance.py:1300} INFO - Executing <Task(PythonOperator): scrape_geos18> on 2023-02-26 03:05:50.934785+00:00
[2023-02-26T03:05:58.375+0000] {standard_task_runner.py:55} INFO - Started process 101 to run task
[2023-02-26T03:05:58.381+0000] {standard_task_runner.py:82} INFO - Running: ['***', 'tasks', 'run', 'Metadata_Airflow', 'scrape_geos18', 'manual__2023-02-26T03:05:50.934785+00:00', '--job-id', '125', '--raw', '--subdir', 'DAGS_FOLDER/scrape_***.py', '--cfg-path', '/tmp/tmpt4uog9jl']
[2023-02-26T03:05:58.382+0000] {standard_task_runner.py:83} INFO - Job 125: Subtask scrape_geos18
[2023-02-26T03:05:58.437+0000] {task_command.py:388} INFO - Running <TaskInstance: Metadata_Airflow.scrape_geos18 manual__2023-02-26T03:05:50.934785+00:00 [running]> on host e4ffe5f689d7
[2023-02-26T03:05:58.497+0000] {taskinstance.py:1509} INFO - Exporting the following env vars:
AIRFLOW_CTX_DAG_OWNER=***
AIRFLOW_CTX_DAG_ID=Metadata_Airflow
AIRFLOW_CTX_TASK_ID=scrape_geos18
AIRFLOW_CTX_EXECUTION_DATE=2023-02-26T03:05:50.934785+00:00
AIRFLOW_CTX_TRY_NUMBER=1
AIRFLOW_CTX_DAG_RUN_ID=manual__2023-02-26T03:05:50.934785+00:00
[2023-02-26T03:06:13.950+0000] {python.py:177} INFO - Done. Returned value was: None
[2023-02-26T03:06:13.980+0000] {taskinstance.py:1323} INFO - Marking task as SUCCESS. dag_id=Metadata_Airflow, task_id=scrape_geos18, execution_date=20230226T030550, start_date=20230226T030558, end_date=20230226T030613
[2023-02-26T03:06:14.055+0000] {local_task_job.py:208} INFO - Task exited with return code 0
[2023-02-26T03:06:14.084+0000] {taskinstance.py:2578} INFO - 1 downstream tasks scheduled from follow-on schedule check
