[2023-02-26T02:26:39.869+0000] {taskinstance.py:1083} INFO - Dependencies all met for <TaskInstance: Metadata_Airflow.write_db_to_s3 manual__2023-02-26T02:24:31.650067+00:00 [queued]>
[2023-02-26T02:26:39.876+0000] {taskinstance.py:1083} INFO - Dependencies all met for <TaskInstance: Metadata_Airflow.write_db_to_s3 manual__2023-02-26T02:24:31.650067+00:00 [queued]>
[2023-02-26T02:26:39.877+0000] {taskinstance.py:1279} INFO - 
--------------------------------------------------------------------------------
[2023-02-26T02:26:39.877+0000] {taskinstance.py:1280} INFO - Starting attempt 1 of 1
[2023-02-26T02:26:39.878+0000] {taskinstance.py:1281} INFO - 
--------------------------------------------------------------------------------
[2023-02-26T02:26:39.890+0000] {taskinstance.py:1300} INFO - Executing <Task(PythonOperator): write_db_to_s3> on 2023-02-26 02:24:31.650067+00:00
[2023-02-26T02:26:39.907+0000] {standard_task_runner.py:55} INFO - Started process 1122 to run task
[2023-02-26T02:26:39.912+0000] {standard_task_runner.py:82} INFO - Running: ['***', 'tasks', 'run', 'Metadata_Airflow', 'write_db_to_s3', 'manual__2023-02-26T02:24:31.650067+00:00', '--job-id', '87', '--raw', '--subdir', 'DAGS_FOLDER/scrape_***.py', '--cfg-path', '/tmp/tmpqmigegkm']
[2023-02-26T02:26:39.914+0000] {standard_task_runner.py:83} INFO - Job 87: Subtask write_db_to_s3
[2023-02-26T02:26:39.988+0000] {task_command.py:388} INFO - Running <TaskInstance: Metadata_Airflow.write_db_to_s3 manual__2023-02-26T02:24:31.650067+00:00 [running]> on host e4ffe5f689d7
[2023-02-26T02:26:40.044+0000] {taskinstance.py:1509} INFO - Exporting the following env vars:
AIRFLOW_CTX_DAG_OWNER=***
AIRFLOW_CTX_DAG_ID=Metadata_Airflow
AIRFLOW_CTX_TASK_ID=write_db_to_s3
AIRFLOW_CTX_EXECUTION_DATE=2023-02-26T02:24:31.650067+00:00
AIRFLOW_CTX_TRY_NUMBER=1
AIRFLOW_CTX_DAG_RUN_ID=manual__2023-02-26T02:24:31.650067+00:00
[2023-02-26T02:26:49.080+0000] {python.py:177} INFO - Done. Returned value was: None
[2023-02-26T02:26:49.146+0000] {taskinstance.py:1323} INFO - Marking task as SUCCESS. dag_id=Metadata_Airflow, task_id=write_db_to_s3, execution_date=20230226T022431, start_date=20230226T022639, end_date=20230226T022649
[2023-02-26T02:26:49.207+0000] {local_task_job.py:208} INFO - Task exited with return code 0
[2023-02-26T02:26:49.238+0000] {taskinstance.py:2578} INFO - 0 downstream tasks scheduled from follow-on schedule check
