[2023-02-27T22:13:40.530+0000] {taskinstance.py:1083} INFO - Dependencies all met for <TaskInstance: Metadata_Airflow.scrape_nexradmap manual__2023-02-27T22:11:38.469524+00:00 [queued]>
[2023-02-27T22:13:40.554+0000] {taskinstance.py:1083} INFO - Dependencies all met for <TaskInstance: Metadata_Airflow.scrape_nexradmap manual__2023-02-27T22:11:38.469524+00:00 [queued]>
[2023-02-27T22:13:40.555+0000] {taskinstance.py:1279} INFO - 
--------------------------------------------------------------------------------
[2023-02-27T22:13:40.556+0000] {taskinstance.py:1280} INFO - Starting attempt 1 of 1
[2023-02-27T22:13:40.558+0000] {taskinstance.py:1281} INFO - 
--------------------------------------------------------------------------------
[2023-02-27T22:13:40.595+0000] {taskinstance.py:1300} INFO - Executing <Task(PythonOperator): scrape_nexradmap> on 2023-02-27 22:11:38.469524+00:00
[2023-02-27T22:13:40.606+0000] {standard_task_runner.py:55} INFO - Started process 690 to run task
[2023-02-27T22:13:40.614+0000] {standard_task_runner.py:82} INFO - Running: ['***', 'tasks', 'run', 'Metadata_Airflow', 'scrape_nexradmap', 'manual__2023-02-27T22:11:38.469524+00:00', '--job-id', '9', '--raw', '--subdir', 'DAGS_FOLDER/scrape_***.py', '--cfg-path', '/tmp/tmpwjvncnd8']
[2023-02-27T22:13:40.617+0000] {standard_task_runner.py:83} INFO - Job 9: Subtask scrape_nexradmap
[2023-02-27T22:13:40.750+0000] {task_command.py:388} INFO - Running <TaskInstance: Metadata_Airflow.scrape_nexradmap manual__2023-02-27T22:11:38.469524+00:00 [running]> on host 9c9ed04d9a5a
[2023-02-27T22:13:40.895+0000] {taskinstance.py:1509} INFO - Exporting the following env vars:
AIRFLOW_CTX_DAG_OWNER=***
AIRFLOW_CTX_DAG_ID=Metadata_Airflow
AIRFLOW_CTX_TASK_ID=scrape_nexradmap
AIRFLOW_CTX_EXECUTION_DATE=2023-02-27T22:11:38.469524+00:00
AIRFLOW_CTX_TRY_NUMBER=1
AIRFLOW_CTX_DAG_RUN_ID=manual__2023-02-27T22:11:38.469524+00:00
[2023-02-27T22:13:41.872+0000] {python.py:177} INFO - Done. Returned value was: None
[2023-02-27T22:13:41.889+0000] {taskinstance.py:1323} INFO - Marking task as SUCCESS. dag_id=Metadata_Airflow, task_id=scrape_nexradmap, execution_date=20230227T221138, start_date=20230227T221340, end_date=20230227T221341
[2023-02-27T22:13:41.950+0000] {local_task_job.py:208} INFO - Task exited with return code 0
[2023-02-27T22:13:41.988+0000] {taskinstance.py:2578} INFO - 1 downstream tasks scheduled from follow-on schedule check
