[2023-02-27T22:11:44.961+0000] {taskinstance.py:1083} INFO - Dependencies all met for <TaskInstance: Metadata_Airflow.scrape_geos18 manual__2023-02-27T22:11:38.469524+00:00 [queued]>
[2023-02-27T22:11:44.989+0000] {taskinstance.py:1083} INFO - Dependencies all met for <TaskInstance: Metadata_Airflow.scrape_geos18 manual__2023-02-27T22:11:38.469524+00:00 [queued]>
[2023-02-27T22:11:44.991+0000] {taskinstance.py:1279} INFO - 
--------------------------------------------------------------------------------
[2023-02-27T22:11:44.992+0000] {taskinstance.py:1280} INFO - Starting attempt 1 of 1
[2023-02-27T22:11:44.993+0000] {taskinstance.py:1281} INFO - 
--------------------------------------------------------------------------------
[2023-02-27T22:11:45.042+0000] {taskinstance.py:1300} INFO - Executing <Task(PythonOperator): scrape_geos18> on 2023-02-27 22:11:38.469524+00:00
[2023-02-27T22:11:45.052+0000] {standard_task_runner.py:55} INFO - Started process 524 to run task
[2023-02-27T22:11:45.058+0000] {standard_task_runner.py:82} INFO - Running: ['***', 'tasks', 'run', 'Metadata_Airflow', 'scrape_geos18', 'manual__2023-02-27T22:11:38.469524+00:00', '--job-id', '7', '--raw', '--subdir', 'DAGS_FOLDER/scrape_***.py', '--cfg-path', '/tmp/tmprdj1tl0j']
[2023-02-27T22:11:45.060+0000] {standard_task_runner.py:83} INFO - Job 7: Subtask scrape_geos18
[2023-02-27T22:11:45.230+0000] {task_command.py:388} INFO - Running <TaskInstance: Metadata_Airflow.scrape_geos18 manual__2023-02-27T22:11:38.469524+00:00 [running]> on host 9c9ed04d9a5a
[2023-02-27T22:11:45.423+0000] {taskinstance.py:1509} INFO - Exporting the following env vars:
AIRFLOW_CTX_DAG_OWNER=***
AIRFLOW_CTX_DAG_ID=Metadata_Airflow
AIRFLOW_CTX_TASK_ID=scrape_geos18
AIRFLOW_CTX_EXECUTION_DATE=2023-02-27T22:11:38.469524+00:00
AIRFLOW_CTX_TRY_NUMBER=1
AIRFLOW_CTX_DAG_RUN_ID=manual__2023-02-27T22:11:38.469524+00:00
[2023-02-27T22:12:03.132+0000] {python.py:177} INFO - Done. Returned value was: None
[2023-02-27T22:12:03.169+0000] {taskinstance.py:1323} INFO - Marking task as SUCCESS. dag_id=Metadata_Airflow, task_id=scrape_geos18, execution_date=20230227T221138, start_date=20230227T221144, end_date=20230227T221203
[2023-02-27T22:12:03.221+0000] {local_task_job.py:208} INFO - Task exited with return code 0
[2023-02-27T22:12:03.306+0000] {taskinstance.py:2578} INFO - 1 downstream tasks scheduled from follow-on schedule check
